[debug] [2022-04-15T17:31:05.640Z] ----------------------------------------------------------------------
[debug] [2022-04-15T17:31:05.643Z] Command:       C:\Program Files\nodejs\node.exe C:\Users\Archit\AppData\Roaming\npm\node_modules\firebase-tools\lib\bin\firebase.js emulators:start
[debug] [2022-04-15T17:31:05.644Z] CLI Version:   9.23.1
[debug] [2022-04-15T17:31:05.644Z] Platform:      win32
[debug] [2022-04-15T17:31:05.644Z] Node Version:  v14.16.1
[debug] [2022-04-15T17:31:05.647Z] Time:          Fri Apr 15 2022 23:01:05 GMT+0530 (India Standard Time)
[debug] [2022-04-15T17:31:05.647Z] ----------------------------------------------------------------------
[debug] 
[debug] [2022-04-15T17:31:05.755Z] > command requires scopes: ["email","openid","https://www.googleapis.com/auth/cloudplatformprojects.readonly","https://www.googleapis.com/auth/firebase","https://www.googleapis.com/auth/cloud-platform"]
[debug] [2022-04-15T17:31:05.755Z] > authorizing via signed-in user (architchopra2001@gmail.com)
[info] i  emulators: Starting emulators: functions, hosting {"metadata":{"emulator":{"name":"hub"},"message":"Starting emulators: functions, hosting"}}
[debug] [2022-04-15T17:31:05.794Z] [hub] writing locator at C:\Users\Archit\AppData\Local\Temp\hub-myzone-2dc9f.json
[warn] !  functions: The following emulators are not running, calls to these services from the Functions emulator will affect production: auth, firestore, database, pubsub, storage {"metadata":{"emulator":{"name":"functions"},"message":"The following emulators are not running, calls to these services from the Functions emulator will affect production: \u001b[1mauth, firestore, database, pubsub, storage\u001b[22m"}}
[info] +  functions: Using node@14 from host. {"metadata":{"emulator":{"name":"functions"},"message":"Using node@14 from host."}}
[debug] [2022-04-15T17:31:13.229Z] defaultcredentials: writing to file C:\Users\Archit\AppData\Roaming\firebase\architchopra2001_gmail_com_application_default_credentials.json
[debug] [2022-04-15T17:31:13.242Z] Setting GAC to C:\Users\Archit\AppData\Roaming\firebase\architchopra2001_gmail_com_application_default_credentials.json {"metadata":{"emulator":{"name":"functions"},"message":"Setting GAC to C:\\Users\\Archit\\AppData\\Roaming\\firebase\\architchopra2001_gmail_com_application_default_credentials.json"}}
[debug] [2022-04-15T17:31:13.252Z] >>> [apiv2][query] GET https://firebase.googleapis.com/v1beta1/projects/myzone-2dc9f/adminSdkConfig [none]
[debug] [2022-04-15T17:31:14.917Z] <<< [apiv2][status] GET https://firebase.googleapis.com/v1beta1/projects/myzone-2dc9f/adminSdkConfig 200
[debug] [2022-04-15T17:31:14.918Z] <<< [apiv2][body] GET https://firebase.googleapis.com/v1beta1/projects/myzone-2dc9f/adminSdkConfig {"projectId":"myzone-2dc9f","storageBucket":"myzone-2dc9f.appspot.com","locationId":"us-central"}
[debug] [2022-04-15T17:31:14.961Z] >>> [apiv2][query] GET https://firebasehosting.googleapis.com/v1beta1/projects/myzone-2dc9f/sites 
[debug] [2022-04-15T17:31:17.213Z] <<< [apiv2][status] GET https://firebasehosting.googleapis.com/v1beta1/projects/myzone-2dc9f/sites 200
[debug] [2022-04-15T17:31:17.213Z] <<< [apiv2][body] GET https://firebasehosting.googleapis.com/v1beta1/projects/myzone-2dc9f/sites {"sites":[{"name":"projects/132770077312/sites/myzone-2dc9f","defaultUrl":"https://myzone-2dc9f.web.app","appId":"1:132770077312:web:62e8af99b047d7ae2f2465","type":"DEFAULT_SITE"}]}
[debug] [2022-04-15T17:31:17.213Z] >>> [apiv2][query] GET https://firebase.googleapis.com/v1beta1/projects/myzone-2dc9f/webApps/1:132770077312:web:62e8af99b047d7ae2f2465/config [none]
[debug] [2022-04-15T17:31:19.311Z] <<< [apiv2][status] GET https://firebase.googleapis.com/v1beta1/projects/myzone-2dc9f/webApps/1:132770077312:web:62e8af99b047d7ae2f2465/config 200
[debug] [2022-04-15T17:31:19.311Z] <<< [apiv2][body] GET https://firebase.googleapis.com/v1beta1/projects/myzone-2dc9f/webApps/1:132770077312:web:62e8af99b047d7ae2f2465/config {"projectId":"myzone-2dc9f","appId":"1:132770077312:web:62e8af99b047d7ae2f2465","storageBucket":"myzone-2dc9f.appspot.com","locationId":"us-central","apiKey":"AIzaSyDLiX8bViXwQtuYc_z67F_B7Hdja_UfDGU","authDomain":"myzone-2dc9f.firebaseapp.com","messagingSenderId":"132770077312","measurementId":"G-JNMJWLYXFW"}
[info] i  hosting: Serving hosting files from: build {"metadata":{"emulator":{"name":"hosting"},"message":"Serving hosting files from: \u001b[1mbuild\u001b[22m"}}
[info] +  hosting: Local server: http://localhost:5000 {"metadata":{"emulator":{"name":"hosting"},"message":"Local server: \u001b[4m\u001b[1mhttp://localhost:5000\u001b[22m\u001b[24m"}}
[debug] [2022-04-15T17:31:19.346Z] Ignoring unsupported arg: auto_download {"metadata":{"emulator":{"name":"ui"},"message":"Ignoring unsupported arg: auto_download"}}
[debug] [2022-04-15T17:31:19.346Z] Ignoring unsupported arg: port {"metadata":{"emulator":{"name":"ui"},"message":"Ignoring unsupported arg: port"}}
[debug] [2022-04-15T17:31:19.346Z] Starting Emulator UI with command {"binary":"node","args":["C:\\Users\\Archit\\.cache\\firebase\\emulators\\ui-v1.6.4\\server.bundle.js"],"optionalArgs":[],"joinArgs":false} {"metadata":{"emulator":{"name":"ui"},"message":"Starting Emulator UI with command {\"binary\":\"node\",\"args\":[\"C:\\\\Users\\\\Archit\\\\.cache\\\\firebase\\\\emulators\\\\ui-v1.6.4\\\\server.bundle.js\"],\"optionalArgs\":[],\"joinArgs\":false}"}}
[info] i  ui: Emulator UI logging to ui-debug.log {"metadata":{"emulator":{"name":"ui"},"message":"Emulator UI logging to \u001b[1mui-debug.log\u001b[22m"}}
[debug] [2022-04-15T17:31:19.509Z] Web / API server started at localhost:4000
 {"metadata":{"emulator":{"name":"ui"},"message":"Web / API server started at localhost:4000\n"}}
[info] i  functions: Watching "C:\Users\Archit\Desktop\projects\ecommerce\myzone\functions" for Cloud Functions... {"metadata":{"emulator":{"name":"functions"},"message":"Watching \"C:\\Users\\Archit\\Desktop\\projects\\ecommerce\\myzone\\functions\" for Cloud Functions..."}}
[debug] [2022-04-15T17:31:19.683Z] [worker-pool] addWorker(~diagnostic~) {"metadata":{"emulator":{"name":"functions"},"message":"[worker-pool] addWorker(~diagnostic~)"}}
[debug] [2022-04-15T17:31:19.684Z] [worker-pool] Adding worker with key ~diagnostic~, total=1 {"metadata":{"emulator":{"name":"functions"},"message":"[worker-pool] Adding worker with key ~diagnostic~, total=1"}}
[debug] [2022-04-15T17:31:19.685Z] [worker-pool] submitWork(triggerId=) {"metadata":{"emulator":{"name":"functions"},"message":"[worker-pool] submitWork(triggerId=)"}}
[debug] [2022-04-15T17:31:19.686Z] [worker-~diagnostic~-2e9edb82-6e4d-4c60-8ad2-e67f956f010c]: Assigning socketPath: \\?\pipe\C:\Users\Archit\Desktop\projects\ecommerce\myzone\functions\17940 {"metadata":{"emulator":{"name":"functions"},"message":"[worker-~diagnostic~-2e9edb82-6e4d-4c60-8ad2-e67f956f010c]: Assigning socketPath: \\\\?\\pipe\\C:\\Users\\Archit\\Desktop\\projects\\ecommerce\\myzone\\functions\\17940"}}
[debug] [2022-04-15T17:31:19.687Z] [worker-~diagnostic~-2e9edb82-6e4d-4c60-8ad2-e67f956f010c]: BUSY {"metadata":{"emulator":{"name":"functions"},"message":"[worker-~diagnostic~-2e9edb82-6e4d-4c60-8ad2-e67f956f010c]: BUSY"}}
